<?xml version="1.0" encoding="UTF-8"?>
<testsuite xmlns:xsi="http://www.w3.org/2001/XMLSchema-instance" xsi:noNamespaceSchemaLocation="https://maven.apache.org/surefire/maven-surefire-plugin/xsd/surefire-test-report-3.0.xsd" version="3.0" name="Shopping list" time="180.034" tests="2" errors="0" skipped="0" failures="0">
  <properties>
    <property name="gopherProxySet" value="false"/>
    <property name="awt.toolkit" value="sun.lwawt.macosx.LWCToolkit"/>
    <property name="file.encoding.pkg" value="sun.io"/>
    <property name="java.specification.version" value="1.8"/>
    <property name="sun.cpu.isalist" value=""/>
    <property name="sun.jnu.encoding" value="UTF-8"/>
    <property name="java.class.path" value="/Users/siatdl/AutomationJava/CloneFolder/TestUI/target/test-classes:/Users/siatdl/AutomationJava/CloneFolder/TestUI/target/classes:/Users/siatdl/.m2/repository/com/github/testdevlab/TestUI/1.2.3/TestUI-1.2.3.jar:/Users/siatdl/.m2/repository/io/appium/java-client/7.2.0/java-client-7.2.0.jar:/Users/siatdl/.m2/repository/org/seleniumhq/selenium/selenium-java/3.141.59/selenium-java-3.141.59.jar:/Users/siatdl/.m2/repository/org/seleniumhq/selenium/selenium-chrome-driver/3.141.59/selenium-chrome-driver-3.141.59.jar:/Users/siatdl/.m2/repository/org/seleniumhq/selenium/selenium-edge-driver/3.141.59/selenium-edge-driver-3.141.59.jar:/Users/siatdl/.m2/repository/org/seleniumhq/selenium/selenium-firefox-driver/3.141.59/selenium-firefox-driver-3.141.59.jar:/Users/siatdl/.m2/repository/org/seleniumhq/selenium/selenium-ie-driver/3.141.59/selenium-ie-driver-3.141.59.jar:/Users/siatdl/.m2/repository/org/seleniumhq/selenium/selenium-opera-driver/3.141.59/selenium-opera-driver-3.141.59.jar:/Users/siatdl/.m2/repository/org/seleniumhq/selenium/selenium-remote-driver/3.141.59/selenium-remote-driver-3.141.59.jar:/Users/siatdl/.m2/repository/org/seleniumhq/selenium/selenium-safari-driver/3.141.59/selenium-safari-driver-3.141.59.jar:/Users/siatdl/.m2/repository/net/bytebuddy/byte-buddy/1.8.15/byte-buddy-1.8.15.jar:/Users/siatdl/.m2/repository/org/apache/commons/commons-exec/1.3/commons-exec-1.3.jar:/Users/siatdl/.m2/repository/com/squareup/okhttp3/okhttp/3.11.0/okhttp-3.11.0.jar:/Users/siatdl/.m2/repository/com/squareup/okio/okio/1.14.0/okio-1.14.0.jar:/Users/siatdl/.m2/repository/org/seleniumhq/selenium/selenium-support/3.141.59/selenium-support-3.141.59.jar:/Users/siatdl/.m2/repository/org/seleniumhq/selenium/selenium-api/3.141.59/selenium-api-3.141.59.jar:/Users/siatdl/.m2/repository/com/google/code/gson/gson/2.8.5/gson-2.8.5.jar:/Users/siatdl/.m2/repository/org/apache/httpcomponents/httpclient/4.5.9/httpclient-4.5.9.jar:/Users/siatdl/.m2/repository/org/apache/httpcomponents/httpcore/4.4.11/httpcore-4.4.11.jar:/Users/siatdl/.m2/repository/commons-logging/commons-logging/1.2/commons-logging-1.2.jar:/Users/siatdl/.m2/repository/commons-codec/commons-codec/1.11/commons-codec-1.11.jar:/Users/siatdl/.m2/repository/cglib/cglib/3.2.12/cglib-3.2.12.jar:/Users/siatdl/.m2/repository/org/ow2/asm/asm/7.1/asm-7.1.jar:/Users/siatdl/.m2/repository/commons-validator/commons-validator/1.6/commons-validator-1.6.jar:/Users/siatdl/.m2/repository/commons-beanutils/commons-beanutils/1.9.2/commons-beanutils-1.9.2.jar:/Users/siatdl/.m2/repository/commons-digester/commons-digester/1.8.1/commons-digester-1.8.1.jar:/Users/siatdl/.m2/repository/commons-collections/commons-collections/3.2.2/commons-collections-3.2.2.jar:/Users/siatdl/.m2/repository/commons-io/commons-io/2.6/commons-io-2.6.jar:/Users/siatdl/.m2/repository/org/springframework/spring-context/5.1.8.RELEASE/spring-context-5.1.8.RELEASE.jar:/Users/siatdl/.m2/repository/org/springframework/spring-aop/5.1.8.RELEASE/spring-aop-5.1.8.RELEASE.jar:/Users/siatdl/.m2/repository/org/springframework/spring-beans/5.1.8.RELEASE/spring-beans-5.1.8.RELEASE.jar:/Users/siatdl/.m2/repository/org/springframework/spring-core/5.1.8.RELEASE/spring-core-5.1.8.RELEASE.jar:/Users/siatdl/.m2/repository/org/springframework/spring-jcl/5.1.8.RELEASE/spring-jcl-5.1.8.RELEASE.jar:/Users/siatdl/.m2/repository/org/springframework/spring-expression/5.1.8.RELEASE/spring-expression-5.1.8.RELEASE.jar:/Users/siatdl/.m2/repository/org/aspectj/aspectjweaver/1.9.4/aspectjweaver-1.9.4.jar:/Users/siatdl/.m2/repository/org/slf4j/slf4j-api/1.7.26/slf4j-api-1.7.26.jar:/Users/siatdl/.m2/repository/net/lightbody/bmp/browsermob-core/2.1.5/browsermob-core-2.1.5.jar:/Users/siatdl/.m2/repository/net/lightbody/bmp/littleproxy/1.1.0-beta-bmp-17/littleproxy-1.1.0-beta-bmp-17.jar:/Users/siatdl/.m2/repository/com/fasterxml/jackson/core/jackson-core/2.8.9/jackson-core-2.8.9.jar:/Users/siatdl/.m2/repository/com/fasterxml/jackson/core/jackson-databind/2.8.9/jackson-databind-2.8.9.jar:/Users/siatdl/.m2/repository/com/fasterxml/jackson/core/jackson-annotations/2.8.9/jackson-annotations-2.8.9.jar:/Users/siatdl/.m2/repository/dnsjava/dnsjava/2.1.8/dnsjava-2.1.8.jar:/Users/siatdl/.m2/repository/org/slf4j/jcl-over-slf4j/1.7.25/jcl-over-slf4j-1.7.25.jar:/Users/siatdl/.m2/repository/com/jcraft/jzlib/1.1.3/jzlib-1.1.3.jar:/Users/siatdl/.m2/repository/io/netty/netty-all/4.0.51.Final/netty-all-4.0.51.Final.jar:/Users/siatdl/.m2/repository/org/bouncycastle/bcprov-jdk15on/1.58/bcprov-jdk15on-1.58.jar:/Users/siatdl/.m2/repository/org/bouncycastle/bcpkix-jdk15on/1.58/bcpkix-jdk15on-1.58.jar:/Users/siatdl/.m2/repository/net/lightbody/bmp/mitm/2.1.5/mitm-2.1.5.jar:/Users/siatdl/.m2/repository/com/google/guava/guava/24.0-jre/guava-24.0-jre.jar:/Users/siatdl/.m2/repository/com/google/code/findbugs/jsr305/1.3.9/jsr305-1.3.9.jar:/Users/siatdl/.m2/repository/org/checkerframework/checker-compat-qual/2.0.0/checker-compat-qual-2.0.0.jar:/Users/siatdl/.m2/repository/com/google/errorprone/error_prone_annotations/2.1.3/error_prone_annotations-2.1.3.jar:/Users/siatdl/.m2/repository/com/google/j2objc/j2objc-annotations/1.1/j2objc-annotations-1.1.jar:/Users/siatdl/.m2/repository/org/codehaus/mojo/animal-sniffer-annotations/1.14/animal-sniffer-annotations-1.14.jar:/Users/siatdl/.m2/repository/com/codeborne/selenide/5.5.0/selenide-5.5.0.jar:/Users/siatdl/.m2/repository/io/github/bonigarcia/webdrivermanager/3.7.1/webdrivermanager-3.7.1.jar:/Users/siatdl/.m2/repository/org/rauschig/jarchivelib/1.0.0/jarchivelib-1.0.0.jar:/Users/siatdl/.m2/repository/org/apache/commons/commons-compress/1.18/commons-compress-1.18.jar:/Users/siatdl/.m2/repository/org/jsoup/jsoup/1.11.3/jsoup-1.11.3.jar:/Users/siatdl/.m2/repository/org/slf4j/slf4j-jdk14/1.7.21/slf4j-jdk14-1.7.21.jar:/Users/siatdl/.m2/repository/org/apache/commons/commons-lang3/3.8.1/commons-lang3-3.8.1.jar:/Users/siatdl/.m2/repository/io/qameta/allure/allure-cucumber4-jvm/2.9.0/allure-cucumber4-jvm-2.9.0.jar:/Users/siatdl/.m2/repository/io/qameta/allure/allure-java-commons/2.9.0/allure-java-commons-2.9.0.jar:/Users/siatdl/.m2/repository/io/qameta/allure/allure-model/2.9.0/allure-model-2.9.0.jar:/Users/siatdl/.m2/repository/org/apache/tika/tika-core/1.19.1/tika-core-1.19.1.jar:/Users/siatdl/.m2/repository/org/aspectj/aspectjrt/1.9.1/aspectjrt-1.9.1.jar:/Users/siatdl/.m2/repository/org/jooq/joor-java-8/0.9.9/joor-java-8-0.9.9.jar:/Users/siatdl/.m2/repository/org/yaml/snakeyaml/1.24/snakeyaml-1.24.jar:/Users/siatdl/.m2/repository/org/json/json/20180813/json-20180813.jar:/Users/siatdl/.m2/repository/io/cucumber/cucumber-java/4.0.0/cucumber-java-4.0.0.jar:/Users/siatdl/.m2/repository/io/cucumber/cucumber-core/4.0.0/cucumber-core-4.0.0.jar:/Users/siatdl/.m2/repository/io/cucumber/cucumber-html/0.2.7/cucumber-html-0.2.7.jar:/Users/siatdl/.m2/repository/io/cucumber/gherkin/5.1.0/gherkin-5.1.0.jar:/Users/siatdl/.m2/repository/io/cucumber/tag-expressions/1.1.1/tag-expressions-1.1.1.jar:/Users/siatdl/.m2/repository/io/cucumber/cucumber-expressions/6.1.0/cucumber-expressions-6.1.0.jar:/Users/siatdl/.m2/repository/io/cucumber/datatable/1.1.3/datatable-1.1.3.jar:/Users/siatdl/.m2/repository/io/cucumber/datatable-dependencies/1.1.3/datatable-dependencies-1.1.3.jar:/Users/siatdl/.m2/repository/io/cucumber/cucumber-junit/4.0.0/cucumber-junit-4.0.0.jar:/Users/siatdl/.m2/repository/junit/junit/4.12/junit-4.12.jar:/Users/siatdl/.m2/repository/org/hamcrest/hamcrest-core/1.3/hamcrest-core-1.3.jar:"/>
    <property name="java.vm.vendor" value="Oracle Corporation"/>
    <property name="sun.arch.data.model" value="64"/>
    <property name="java.vendor.url" value="http://java.oracle.com/"/>
    <property name="user.timezone" value=""/>
    <property name="java.vm.specification.version" value="1.8"/>
    <property name="os.name" value="Mac OS X"/>
    <property name="user.country" value="LV"/>
    <property name="sun.java.launcher" value="SUN_STANDARD"/>
    <property name="sun.boot.library.path" value="/Library/Java/JavaVirtualMachines/jdk1.8.0_241.jdk/Contents/Home/jre/lib"/>
    <property name="sun.java.command" value="/Users/siatdl/AutomationJava/CloneFolder/TestUI/target/surefire/surefirebooter6846797449627948525.jar /Users/siatdl/AutomationJava/CloneFolder/TestUI/target/surefire 2020-02-14T10-49-58_972-jvmRun1 surefire106844867449120061tmp surefire_03880588394258876131tmp"/>
    <property name="http.nonProxyHosts" value="local|*.local|169.254/16|*.169.254/16"/>
    <property name="surefire.test.class.path" value="/Users/siatdl/AutomationJava/CloneFolder/TestUI/target/test-classes:/Users/siatdl/AutomationJava/CloneFolder/TestUI/target/classes:/Users/siatdl/.m2/repository/com/github/testdevlab/TestUI/1.2.3/TestUI-1.2.3.jar:/Users/siatdl/.m2/repository/io/appium/java-client/7.2.0/java-client-7.2.0.jar:/Users/siatdl/.m2/repository/org/seleniumhq/selenium/selenium-java/3.141.59/selenium-java-3.141.59.jar:/Users/siatdl/.m2/repository/org/seleniumhq/selenium/selenium-chrome-driver/3.141.59/selenium-chrome-driver-3.141.59.jar:/Users/siatdl/.m2/repository/org/seleniumhq/selenium/selenium-edge-driver/3.141.59/selenium-edge-driver-3.141.59.jar:/Users/siatdl/.m2/repository/org/seleniumhq/selenium/selenium-firefox-driver/3.141.59/selenium-firefox-driver-3.141.59.jar:/Users/siatdl/.m2/repository/org/seleniumhq/selenium/selenium-ie-driver/3.141.59/selenium-ie-driver-3.141.59.jar:/Users/siatdl/.m2/repository/org/seleniumhq/selenium/selenium-opera-driver/3.141.59/selenium-opera-driver-3.141.59.jar:/Users/siatdl/.m2/repository/org/seleniumhq/selenium/selenium-remote-driver/3.141.59/selenium-remote-driver-3.141.59.jar:/Users/siatdl/.m2/repository/org/seleniumhq/selenium/selenium-safari-driver/3.141.59/selenium-safari-driver-3.141.59.jar:/Users/siatdl/.m2/repository/net/bytebuddy/byte-buddy/1.8.15/byte-buddy-1.8.15.jar:/Users/siatdl/.m2/repository/org/apache/commons/commons-exec/1.3/commons-exec-1.3.jar:/Users/siatdl/.m2/repository/com/squareup/okhttp3/okhttp/3.11.0/okhttp-3.11.0.jar:/Users/siatdl/.m2/repository/com/squareup/okio/okio/1.14.0/okio-1.14.0.jar:/Users/siatdl/.m2/repository/org/seleniumhq/selenium/selenium-support/3.141.59/selenium-support-3.141.59.jar:/Users/siatdl/.m2/repository/org/seleniumhq/selenium/selenium-api/3.141.59/selenium-api-3.141.59.jar:/Users/siatdl/.m2/repository/com/google/code/gson/gson/2.8.5/gson-2.8.5.jar:/Users/siatdl/.m2/repository/org/apache/httpcomponents/httpclient/4.5.9/httpclient-4.5.9.jar:/Users/siatdl/.m2/repository/org/apache/httpcomponents/httpcore/4.4.11/httpcore-4.4.11.jar:/Users/siatdl/.m2/repository/commons-logging/commons-logging/1.2/commons-logging-1.2.jar:/Users/siatdl/.m2/repository/commons-codec/commons-codec/1.11/commons-codec-1.11.jar:/Users/siatdl/.m2/repository/cglib/cglib/3.2.12/cglib-3.2.12.jar:/Users/siatdl/.m2/repository/org/ow2/asm/asm/7.1/asm-7.1.jar:/Users/siatdl/.m2/repository/commons-validator/commons-validator/1.6/commons-validator-1.6.jar:/Users/siatdl/.m2/repository/commons-beanutils/commons-beanutils/1.9.2/commons-beanutils-1.9.2.jar:/Users/siatdl/.m2/repository/commons-digester/commons-digester/1.8.1/commons-digester-1.8.1.jar:/Users/siatdl/.m2/repository/commons-collections/commons-collections/3.2.2/commons-collections-3.2.2.jar:/Users/siatdl/.m2/repository/commons-io/commons-io/2.6/commons-io-2.6.jar:/Users/siatdl/.m2/repository/org/springframework/spring-context/5.1.8.RELEASE/spring-context-5.1.8.RELEASE.jar:/Users/siatdl/.m2/repository/org/springframework/spring-aop/5.1.8.RELEASE/spring-aop-5.1.8.RELEASE.jar:/Users/siatdl/.m2/repository/org/springframework/spring-beans/5.1.8.RELEASE/spring-beans-5.1.8.RELEASE.jar:/Users/siatdl/.m2/repository/org/springframework/spring-core/5.1.8.RELEASE/spring-core-5.1.8.RELEASE.jar:/Users/siatdl/.m2/repository/org/springframework/spring-jcl/5.1.8.RELEASE/spring-jcl-5.1.8.RELEASE.jar:/Users/siatdl/.m2/repository/org/springframework/spring-expression/5.1.8.RELEASE/spring-expression-5.1.8.RELEASE.jar:/Users/siatdl/.m2/repository/org/aspectj/aspectjweaver/1.9.4/aspectjweaver-1.9.4.jar:/Users/siatdl/.m2/repository/org/slf4j/slf4j-api/1.7.26/slf4j-api-1.7.26.jar:/Users/siatdl/.m2/repository/net/lightbody/bmp/browsermob-core/2.1.5/browsermob-core-2.1.5.jar:/Users/siatdl/.m2/repository/net/lightbody/bmp/littleproxy/1.1.0-beta-bmp-17/littleproxy-1.1.0-beta-bmp-17.jar:/Users/siatdl/.m2/repository/com/fasterxml/jackson/core/jackson-core/2.8.9/jackson-core-2.8.9.jar:/Users/siatdl/.m2/repository/com/fasterxml/jackson/core/jackson-databind/2.8.9/jackson-databind-2.8.9.jar:/Users/siatdl/.m2/repository/com/fasterxml/jackson/core/jackson-annotations/2.8.9/jackson-annotations-2.8.9.jar:/Users/siatdl/.m2/repository/dnsjava/dnsjava/2.1.8/dnsjava-2.1.8.jar:/Users/siatdl/.m2/repository/org/slf4j/jcl-over-slf4j/1.7.25/jcl-over-slf4j-1.7.25.jar:/Users/siatdl/.m2/repository/com/jcraft/jzlib/1.1.3/jzlib-1.1.3.jar:/Users/siatdl/.m2/repository/io/netty/netty-all/4.0.51.Final/netty-all-4.0.51.Final.jar:/Users/siatdl/.m2/repository/org/bouncycastle/bcprov-jdk15on/1.58/bcprov-jdk15on-1.58.jar:/Users/siatdl/.m2/repository/org/bouncycastle/bcpkix-jdk15on/1.58/bcpkix-jdk15on-1.58.jar:/Users/siatdl/.m2/repository/net/lightbody/bmp/mitm/2.1.5/mitm-2.1.5.jar:/Users/siatdl/.m2/repository/com/google/guava/guava/24.0-jre/guava-24.0-jre.jar:/Users/siatdl/.m2/repository/com/google/code/findbugs/jsr305/1.3.9/jsr305-1.3.9.jar:/Users/siatdl/.m2/repository/org/checkerframework/checker-compat-qual/2.0.0/checker-compat-qual-2.0.0.jar:/Users/siatdl/.m2/repository/com/google/errorprone/error_prone_annotations/2.1.3/error_prone_annotations-2.1.3.jar:/Users/siatdl/.m2/repository/com/google/j2objc/j2objc-annotations/1.1/j2objc-annotations-1.1.jar:/Users/siatdl/.m2/repository/org/codehaus/mojo/animal-sniffer-annotations/1.14/animal-sniffer-annotations-1.14.jar:/Users/siatdl/.m2/repository/com/codeborne/selenide/5.5.0/selenide-5.5.0.jar:/Users/siatdl/.m2/repository/io/github/bonigarcia/webdrivermanager/3.7.1/webdrivermanager-3.7.1.jar:/Users/siatdl/.m2/repository/org/rauschig/jarchivelib/1.0.0/jarchivelib-1.0.0.jar:/Users/siatdl/.m2/repository/org/apache/commons/commons-compress/1.18/commons-compress-1.18.jar:/Users/siatdl/.m2/repository/org/jsoup/jsoup/1.11.3/jsoup-1.11.3.jar:/Users/siatdl/.m2/repository/org/slf4j/slf4j-jdk14/1.7.21/slf4j-jdk14-1.7.21.jar:/Users/siatdl/.m2/repository/org/apache/commons/commons-lang3/3.8.1/commons-lang3-3.8.1.jar:/Users/siatdl/.m2/repository/io/qameta/allure/allure-cucumber4-jvm/2.9.0/allure-cucumber4-jvm-2.9.0.jar:/Users/siatdl/.m2/repository/io/qameta/allure/allure-java-commons/2.9.0/allure-java-commons-2.9.0.jar:/Users/siatdl/.m2/repository/io/qameta/allure/allure-model/2.9.0/allure-model-2.9.0.jar:/Users/siatdl/.m2/repository/org/apache/tika/tika-core/1.19.1/tika-core-1.19.1.jar:/Users/siatdl/.m2/repository/org/aspectj/aspectjrt/1.9.1/aspectjrt-1.9.1.jar:/Users/siatdl/.m2/repository/org/jooq/joor-java-8/0.9.9/joor-java-8-0.9.9.jar:/Users/siatdl/.m2/repository/org/yaml/snakeyaml/1.24/snakeyaml-1.24.jar:/Users/siatdl/.m2/repository/org/json/json/20180813/json-20180813.jar:/Users/siatdl/.m2/repository/io/cucumber/cucumber-java/4.0.0/cucumber-java-4.0.0.jar:/Users/siatdl/.m2/repository/io/cucumber/cucumber-core/4.0.0/cucumber-core-4.0.0.jar:/Users/siatdl/.m2/repository/io/cucumber/cucumber-html/0.2.7/cucumber-html-0.2.7.jar:/Users/siatdl/.m2/repository/io/cucumber/gherkin/5.1.0/gherkin-5.1.0.jar:/Users/siatdl/.m2/repository/io/cucumber/tag-expressions/1.1.1/tag-expressions-1.1.1.jar:/Users/siatdl/.m2/repository/io/cucumber/cucumber-expressions/6.1.0/cucumber-expressions-6.1.0.jar:/Users/siatdl/.m2/repository/io/cucumber/datatable/1.1.3/datatable-1.1.3.jar:/Users/siatdl/.m2/repository/io/cucumber/datatable-dependencies/1.1.3/datatable-dependencies-1.1.3.jar:/Users/siatdl/.m2/repository/io/cucumber/cucumber-junit/4.0.0/cucumber-junit-4.0.0.jar:/Users/siatdl/.m2/repository/junit/junit/4.12/junit-4.12.jar:/Users/siatdl/.m2/repository/org/hamcrest/hamcrest-core/1.3/hamcrest-core-1.3.jar:"/>
    <property name="sun.cpu.endian" value="little"/>
    <property name="user.home" value="/Users/siatdl"/>
    <property name="user.language" value="en"/>
    <property name="java.specification.vendor" value="Oracle Corporation"/>
    <property name="java.home" value="/Library/Java/JavaVirtualMachines/jdk1.8.0_241.jdk/Contents/Home/jre"/>
    <property name="basedir" value="/Users/siatdl/AutomationJava/CloneFolder/TestUI"/>
    <property name="file.separator" value="/"/>
    <property name="line.separator" value="&#10;"/>
    <property name="java.vm.specification.vendor" value="Oracle Corporation"/>
    <property name="java.specification.name" value="Java Platform API Specification"/>
    <property name="java.awt.graphicsenv" value="sun.awt.CGraphicsEnvironment"/>
    <property name="surefire.real.class.path" value="/Users/siatdl/AutomationJava/CloneFolder/TestUI/target/surefire/surefirebooter6846797449627948525.jar:/Users/siatdl/.m2/repository/org/aspectj/aspectjweaver/1.9.1/aspectjweaver-1.9.1.jar"/>
    <property name="sun.boot.class.path" value="/Library/Java/JavaVirtualMachines/jdk1.8.0_241.jdk/Contents/Home/jre/lib/resources.jar:/Library/Java/JavaVirtualMachines/jdk1.8.0_241.jdk/Contents/Home/jre/lib/rt.jar:/Library/Java/JavaVirtualMachines/jdk1.8.0_241.jdk/Contents/Home/jre/lib/sunrsasign.jar:/Library/Java/JavaVirtualMachines/jdk1.8.0_241.jdk/Contents/Home/jre/lib/jsse.jar:/Library/Java/JavaVirtualMachines/jdk1.8.0_241.jdk/Contents/Home/jre/lib/jce.jar:/Library/Java/JavaVirtualMachines/jdk1.8.0_241.jdk/Contents/Home/jre/lib/charsets.jar:/Library/Java/JavaVirtualMachines/jdk1.8.0_241.jdk/Contents/Home/jre/lib/jfr.jar:/Library/Java/JavaVirtualMachines/jdk1.8.0_241.jdk/Contents/Home/jre/classes"/>
    <property name="sun.management.compiler" value="HotSpot 64-Bit Tiered Compilers"/>
    <property name="ftp.nonProxyHosts" value="local|*.local|169.254/16|*.169.254/16"/>
    <property name="java.runtime.version" value="1.8.0_241-b07"/>
    <property name="user.name" value="siatdl"/>
    <property name="path.separator" value=":"/>
    <property name="os.version" value="10.15.3"/>
    <property name="java.endorsed.dirs" value="/Library/Java/JavaVirtualMachines/jdk1.8.0_241.jdk/Contents/Home/jre/lib/endorsed"/>
    <property name="java.runtime.name" value="Java(TM) SE Runtime Environment"/>
    <property name="file.encoding" value="UTF-8"/>
    <property name="java.vm.name" value="Java HotSpot(TM) 64-Bit Server VM"/>
    <property name="localRepository" value="/Users/siatdl/.m2/repository"/>
    <property name="java.vendor.url.bug" value="http://bugreport.sun.com/bugreport/"/>
    <property name="java.io.tmpdir" value="/var/folders/j_/044tw69d51zc49mqb1s_6lj40000gn/T/"/>
    <property name="java.version" value="1.8.0_241"/>
    <property name="user.dir" value="/Users/siatdl/AutomationJava/CloneFolder/TestUI"/>
    <property name="os.arch" value="x86_64"/>
    <property name="java.vm.specification.name" value="Java Virtual Machine Specification"/>
    <property name="java.awt.printerjob" value="sun.lwawt.macosx.CPrinterJob"/>
    <property name="sun.os.patch.level" value="unknown"/>
    <property name="java.library.path" value="/Users/siatdl/Library/Java/Extensions:/Library/Java/Extensions:/Network/Library/Java/Extensions:/System/Library/Java/Extensions:/usr/lib/java:."/>
    <property name="java.vm.info" value="mixed mode"/>
    <property name="java.vendor" value="Oracle Corporation"/>
    <property name="java.vm.version" value="25.241-b07"/>
    <property name="java.ext.dirs" value="/Users/siatdl/Library/Java/Extensions:/Library/Java/JavaVirtualMachines/jdk1.8.0_241.jdk/Contents/Home/jre/lib/ext:/Library/Java/Extensions:/Network/Library/Java/Extensions:/System/Library/Java/Extensions:/usr/lib/java"/>
    <property name="sun.io.unicode.encoding" value="UnicodeBig"/>
    <property name="java.class.version" value="52.0"/>
    <property name="socksNonProxyHosts" value="local|*.local|169.254/16|*.169.254/16"/>
  </properties>
  <testcase name="Add a recipe through settings button Given I open the app" classname="Shopping list" time="170.642"/>
  <testcase name="Add a recipe though input field “Add recipe...” Given I open the app" classname="Shopping list" time="9.273"/>
</testsuite>